{"D:\\Sniper\\TransactionMonitor\\src\\config\\db.ts": {"path":"D:\\Sniper\\TransactionMonitor\\src\\config\\db.ts","statementMap":{"0":{"start":{"line":1,"column":0},"end":{"line":1,"column":32}},"1":{"start":{"line":3,"column":0},"end":{"line":13,"column":2}},"2":{"start":{"line":3,"column":51},"end":{"line":13,"column":2}},"3":{"start":{"line":4,"column":2},"end":{"line":12,"column":null}},"4":{"start":{"line":5,"column":4},"end":{"line":5,"column":39}},"5":{"start":{"line":6,"column":4},"end":{"line":6,"column":36}},"6":{"start":{"line":7,"column":4},"end":{"line":7,"column":39}},"7":{"start":{"line":8,"column":4},"end":{"line":8,"column":16}},"8":{"start":{"line":10,"column":4},"end":{"line":10,"column":59}},"9":{"start":{"line":11,"column":4},"end":{"line":11,"column":17}}},"fnMap":{"0":{"name":"(anonymous_8)","decl":{"start":{"line":3,"column":15},"end":{"line":3,"column":22}},"loc":{"start":{"line":3,"column":51},"end":{"line":13,"column":2}}},"1":{"name":"(anonymous_9)","decl":{"start":{"line":3,"column":51},"end":{"line":3,"column":null}},"loc":{"start":{"line":3,"column":51},"end":{"line":13,"column":1}}}},"branchMap":{"0":{"loc":{"start":{"line":3,"column":22},"end":{"line":3,"column":47}},"type":"default-arg","locations":[{"start":{"line":3,"column":28},"end":{"line":3,"column":47}}]}},"s":{"0":2,"1":2,"2":2,"3":2,"4":2,"5":2,"6":1,"7":1,"8":1,"9":1},"f":{"0":2,"1":2},"b":{"0":[1]}}
,"D:\\Sniper\\TransactionMonitor\\src\\controllers\\auth.ts": {"path":"D:\\Sniper\\TransactionMonitor\\src\\controllers\\auth.ts","statementMap":{"0":{"start":{"line":2,"column":0},"end":{"line":2,"column":31}},"1":{"start":{"line":4,"column":0},"end":{"line":26,"column":2}},"2":{"start":{"line":5,"column":61},"end":{"line":25,"column":null}},"3":{"start":{"line":6,"column":4},"end":{"line":24,"column":null}},"4":{"start":{"line":7,"column":22},"end":{"line":11,"column":8}},"5":{"start":{"line":13,"column":6},"end":{"line":21,"column":8}},"6":{"start":{"line":18,"column":10},"end":{"line":18,"column":29}},"7":{"start":{"line":18,"column":19},"end":{"line":18,"column":29}},"8":{"start":{"line":19,"column":10},"end":{"line":19,"column":30}},"9":{"start":{"line":23,"column":6},"end":{"line":23,"column":43}}},"fnMap":{"0":{"name":"(anonymous_8)","decl":{"start":{"line":5,"column":12},"end":{"line":5,"column":19}},"loc":{"start":{"line":5,"column":61},"end":{"line":25,"column":null}}},"1":{"name":"(anonymous_9)","decl":{"start":{"line":5,"column":61},"end":{"line":5,"column":null}},"loc":{"start":{"line":5,"column":61},"end":{"line":25,"column":3}}},"2":{"name":"(anonymous_10)","decl":{"start":{"line":17,"column":8},"end":{"line":17,"column":9}},"loc":{"start":{"line":17,"column":33},"end":{"line":20,"column":9}}}},"branchMap":{"0":{"loc":{"start":{"line":18,"column":10},"end":{"line":18,"column":29}},"type":"if","locations":[{"start":{"line":18,"column":10},"end":{"line":18,"column":29}}]}},"s":{"0":2,"1":2,"2":2,"3":2,"4":2,"5":2,"6":2,"7":0,"8":2,"9":0},"f":{"0":2,"1":2,"2":2},"b":{"0":[0]}}
,"D:\\Sniper\\TransactionMonitor\\src\\controllers\\transaction.ts": {"path":"D:\\Sniper\\TransactionMonitor\\src\\controllers\\transaction.ts","statementMap":{"0":{"start":{"line":2,"column":0},"end":{"line":2,"column":48}},"1":{"start":{"line":4,"column":0},"end":{"line":13,"column":2}},"2":{"start":{"line":5,"column":60},"end":{"line":12,"column":null}},"3":{"start":{"line":6,"column":4},"end":{"line":11,"column":null}},"4":{"start":{"line":7,"column":25},"end":{"line":7,"column":51}},"5":{"start":{"line":8,"column":6},"end":{"line":8,"column":29}},"6":{"start":{"line":10,"column":6},"end":{"line":10,"column":43}}},"fnMap":{"0":{"name":"(anonymous_8)","decl":{"start":{"line":5,"column":7},"end":{"line":5,"column":14}},"loc":{"start":{"line":5,"column":60},"end":{"line":12,"column":null}}},"1":{"name":"(anonymous_9)","decl":{"start":{"line":5,"column":60},"end":{"line":5,"column":null}},"loc":{"start":{"line":5,"column":60},"end":{"line":12,"column":3}}}},"branchMap":{},"s":{"0":2,"1":2,"2":1,"3":1,"4":1,"5":1,"6":0},"f":{"0":1,"1":1},"b":{}}
,"D:\\Sniper\\TransactionMonitor\\src\\middlewares\\auth.ts": {"path":"D:\\Sniper\\TransactionMonitor\\src\\middlewares\\auth.ts","statementMap":{"0":{"start":{"line":1,"column":12},"end":{"line":1,"column":35}},"1":{"start":{"line":5,"column":16},"end":{"line":5,"column":42}},"2":{"start":{"line":8,"column":2},"end":{"line":10,"column":null}},"3":{"start":{"line":9,"column":4},"end":{"line":9,"column":75}},"4":{"start":{"line":13,"column":2},"end":{"line":25,"column":null}},"5":{"start":{"line":14,"column":4},"end":{"line":21,"column":7}},"6":{"start":{"line":15,"column":6},"end":{"line":20,"column":null}},"7":{"start":{"line":16,"column":8},"end":{"line":16,"column":67}},"8":{"start":{"line":18,"column":8},"end":{"line":18,"column":32}},"9":{"start":{"line":19,"column":8},"end":{"line":19,"column":15}},"10":{"start":{"line":23,"column":4},"end":{"line":23,"column":58}},"11":{"start":{"line":24,"column":4},"end":{"line":24,"column":50}},"12":{"start":{"line":3,"column":0},"end":{"line":3,"column":25}}},"fnMap":{"0":{"name":"default_1","decl":{"start":{"line":3,"column":0},"end":{"line":3,"column":25}},"loc":{"start":{"line":3,"column":54},"end":{"line":26,"column":1}}},"1":{"name":"(anonymous_1)","decl":{"start":{"line":14,"column":34},"end":{"line":14,"column":35}},"loc":{"start":{"line":14,"column":63},"end":{"line":21,"column":5}}}},"branchMap":{"0":{"loc":{"start":{"line":8,"column":2},"end":{"line":10,"column":null}},"type":"if","locations":[{"start":{"line":8,"column":2},"end":{"line":10,"column":null}}]},"1":{"loc":{"start":{"line":15,"column":6},"end":{"line":20,"column":null}},"type":"if","locations":[{"start":{"line":15,"column":6},"end":{"line":20,"column":null}},{"start":{"line":17,"column":13},"end":{"line":20,"column":null}}]}},"s":{"0":2,"1":3,"2":3,"3":1,"4":2,"5":2,"6":2,"7":1,"8":1,"9":1,"10":0,"11":0,"12":2},"f":{"0":3,"1":2},"b":{"0":[1],"1":[1,1]}}
,"D:\\Sniper\\TransactionMonitor\\src\\middlewares\\index.ts": {"path":"D:\\Sniper\\TransactionMonitor\\src\\middlewares\\index.ts","statementMap":{"0":{"start":{"line":1,"column":0},"end":{"line":1,"column":43}},"1":{"start":{"line":3,"column":0},"end":{"line":6,"column":2}},"2":{"start":{"line":4,"column":2},"end":{"line":4,"column":26}},"3":{"start":{"line":5,"column":2},"end":{"line":5,"column":50}}},"fnMap":{"0":{"name":"(anonymous_1)","decl":{"start":{"line":3,"column":15},"end":{"line":3,"column":16}},"loc":{"start":{"line":3,"column":32},"end":{"line":6,"column":1}}}},"branchMap":{},"s":{"0":2,"1":2,"2":2,"3":2},"f":{"0":2},"b":{}}
,"D:\\Sniper\\TransactionMonitor\\src\\models\\Transaction.ts": {"path":"D:\\Sniper\\TransactionMonitor\\src\\models\\Transaction.ts","statementMap":{"0":{"start":{"line":1,"column":0},"end":{"line":1,"column":44}},"1":{"start":{"line":3,"column":34},"end":{"line":9,"column":2}},"2":{"start":{"line":11,"column":0},"end":{"line":11,"column":64}}},"fnMap":{},"branchMap":{},"s":{"0":2,"1":2,"2":2},"f":{},"b":{}}
,"D:\\Sniper\\TransactionMonitor\\src\\routes\\auth.ts": {"path":"D:\\Sniper\\TransactionMonitor\\src\\routes\\auth.ts","statementMap":{"0":{"start":{"line":1,"column":0},"end":{"line":1,"column":33}},"1":{"start":{"line":2,"column":0},"end":{"line":2,"column":49}},"2":{"start":{"line":4,"column":23},"end":{"line":4,"column":31}},"3":{"start":{"line":5,"column":0},"end":{"line":5,"column":50}},"4":{"start":{"line":7,"column":0},"end":{"line":7,"column":22}}},"fnMap":{},"branchMap":{},"s":{"0":2,"1":2,"2":2,"3":2,"4":2},"f":{},"b":{}}
,"D:\\Sniper\\TransactionMonitor\\src\\routes\\index.ts": {"path":"D:\\Sniper\\TransactionMonitor\\src\\routes\\index.ts","statementMap":{"0":{"start":{"line":1,"column":0},"end":{"line":1,"column":40}},"1":{"start":{"line":2,"column":0},"end":{"line":2,"column":26}},"2":{"start":{"line":5,"column":0},"end":{"line":8,"column":2}},"3":{"start":{"line":6,"column":2},"end":{"line":6,"column":29}},"4":{"start":{"line":7,"column":2},"end":{"line":7,"column":35}}},"fnMap":{"0":{"name":"(anonymous_1)","decl":{"start":{"line":5,"column":15},"end":{"line":5,"column":16}},"loc":{"start":{"line":5,"column":32},"end":{"line":8,"column":1}}}},"branchMap":{},"s":{"0":2,"1":2,"2":2,"3":2,"4":2},"f":{"0":2},"b":{}}
,"D:\\Sniper\\TransactionMonitor\\src\\routes\\transaction.ts": {"path":"D:\\Sniper\\TransactionMonitor\\src\\routes\\transaction.ts","statementMap":{"0":{"start":{"line":1,"column":0},"end":{"line":1,"column":33}},"1":{"start":{"line":2,"column":0},"end":{"line":2,"column":62}},"2":{"start":{"line":3,"column":0},"end":{"line":3,"column":49}},"3":{"start":{"line":5,"column":23},"end":{"line":5,"column":31}},"4":{"start":{"line":6,"column":0},"end":{"line":6,"column":70}},"5":{"start":{"line":8,"column":0},"end":{"line":8,"column":22}}},"fnMap":{},"branchMap":{},"s":{"0":2,"1":2,"2":2,"3":2,"4":2,"5":2},"f":{},"b":{}}
}
